0 silly input [ 'build' ]
1 silly flags {
1 silly flags   _: [ 'run' ],
1 silly flags   'reject-cycles': false,
1 silly flags   rejectCycles: false,
1 silly flags   script: 'build',
1 silly flags   args: []
1 silly flags }
2 verbose rootPath C:\Users\tomha\Desktop\git\code-of-everand
3 info version 2.11.0
4 silly existsSync C:\Users\tomha\Desktop\git\code-of-everand\VERSION
5 silly initialize attempt
6 silly initialize success
7 silly execute attempt
8 silly runScriptInDir build [] data-room-sprites
9 silly getExecOpts {
9 silly getExecOpts   cwd: 'C:\\Users\\tomha\\Desktop\\git\\code-of-everand\\packages\\data-room-sprites'
9 silly getExecOpts }
10 silly runScriptInDir build [] images-room-sprites
11 silly getExecOpts {
11 silly getExecOpts   cwd: 'C:\\Users\\tomha\\Desktop\\git\\code-of-everand\\packages\\images-room-sprites'
11 silly getExecOpts }
12 error build Errored while running script in '@code-of-everand/images-room-sprites'
13 error execute callback with error
14 error Error: Command failed: yarn run build
14 error warning package.json: No license field
14 error error Command failed with exit code 2.
14 error yarn run v1.22.5
14 error $ tsc
14 error src/createMissingImages.ts(1,25): error TS7016: Could not find a declaration file for module '@code-of-everand/data-room-sprites'. 'C:/Users/tomha/Desktop/git/code-of-everand/packages/data-room-sprites/dist/index.js' implicitly has an 'any' type.
14 error   Try `npm install @types/code-of-everand__data-room-sprites` if it exists or add a new declaration (.d.ts) file containing `declare module '@code-of-everand/data-room-sprites';`
14 error src/createMissingImages.ts(6,39): error TS2345: Argument of type '([id, roomSprite]: [string, RoomSprite]) => Promise<void>' is not assignable to parameter of type '(value: [string, unknown], index: number, array: [string, unknown][]) => void'.
14 error   Types of parameters '__0' and 'value' are incompatible.
14 error     Type '[string, unknown]' is not assignable to type '[string, RoomSprite]'.
14 error       Type 'unknown' is not assignable to type 'RoomSprite'.
14 error info Visit https://yarnpkg.com/en/docs/cli/run for documentation about this command.
14 error
14 error     at C:\Users\tomha\Desktop\git\code-of-everand\node_modules\execa\index.js:236:11
